<?xml version="1.0" ?>
<coverage version="5.3.0" timestamp="1720000000" lines-valid="10" lines-covered="8" line-rate="0.8" branches-covered="16" branches-valid="22" branch-rate="0.727" complexity="0">
  <packages>
    <package name="." line-rate="0.8" branch-rate="0.727" complexity="0">
      <classes>
        <class name="user.rb" filename="app/models/user.rb" line-rate="0.75" branch-rate="0.75" complexity="0">
          <lines>
            <line number="1" hits="3"/>
            <line number="2" hits="0"/>
            <line number="5" hits="1"/>
            <line number="10" hits="2"/>
          </lines>
        </class>
        <class name="users_controller.rb" filename="app/controllers/users_controller.rb" line-rate="0.75" branch-rate="0.666" complexity="0">
          <lines>
            <line number="1" hits="5"/>
            <line number="3" hits="2"/>
            <line number="7" hits="0"/>
            <line number="12" hits="1"/>
          </lines>
        </class>
        <class name="post.rb" filename="app/models/post.rb" line-rate="1.0" branch-rate="1.0" complexity="0">
          <lines>
            <line number="1" hits="1"/>
            <line number="2" hits="1"/>
          </lines>
        </class>
      </classes>
    </package>
  </packages>
</coverage>
